
Hyper-parameters:
is_training	True
per_gpu_batch_size	32
per_gpu_test_batch_size	64
learning_rate	5e-05
task	aol
epochs	3
save_path	/cache/output/ranking/models/BertSessionSearch.aol.ranking
score_file_path	/cache/output/ranking/result/BertSessionSearch.aol.ranking.score_file.txt
score_file_pre_path	/cache/output/ranking/result/BertSessionSearch.aol.ranking.score_file.preq.txt
output_path	/cache/output/ranking/result/
bert_model_path	/cache/pretrained_model/BertBase/
pretrain_model_path	/cache/output/contrastive/models/BertContrastive.aol.5.10.128.Point_task12_128_8
log_path	/cache/output/ranking/log/BertSessionSearch.aol.log
hint	ranking
tqdm	False
multiGPU	All
device_id	0
data_dir	/cache/code/Ranking/
batch_size	256
test_batch_size	512
Epoch 1/3
Best Result: MAP: 0.4959 MRR: 0.5057 NDCG@1: 0.3435 NDCG@3: 0.4892 NDCG@5: 0.5297 NDCG@10: 0.5640 
Best Result: MAP: 0.5243 MRR: 0.5339 NDCG@1: 0.3761 NDCG@3: 0.5224 NDCG@5: 0.5570 NDCG@10: 0.5908 
Best Result: MAP: 0.5311 MRR: 0.5400 NDCG@1: 0.3819 NDCG@3: 0.5303 NDCG@5: 0.5654 NDCG@10: 0.5960 
Best Result: MAP: 0.5326 MRR: 0.5418 NDCG@1: 0.3852 NDCG@3: 0.5300 NDCG@5: 0.5680 NDCG@10: 0.5971 
Best Result: MAP: 0.5334 MRR: 0.5427 NDCG@1: 0.3865 NDCG@3: 0.5309 NDCG@5: 0.5680 NDCG@10: 0.5974 
Epoch 2/3
Best Result: MAP: 0.5377 MRR: 0.5471 NDCG@1: 0.3904 NDCG@3: 0.5375 NDCG@5: 0.5723 NDCG@10: 0.6024 
Best Result: MAP: 0.5381 MRR: 0.5469 NDCG@1: 0.3931 NDCG@3: 0.5326 NDCG@5: 0.5731 NDCG@10: 0.6036 
Epoch 3/3
